Arguments: 
  /Users/oliver/.nvm/versions/node/v17.1.0/bin/node /Users/oliver/.nvm/versions/node/v17.1.0/bin/yarn add TransformControls

PATH: 
  /Users/oliver/.nvm/versions/node/v17.1.0/bin:/Users/oliver/.pyenv/plugins/pyenv-virtualenv/shims:/Users/oliver/.pyenv/bin:/Users/oliver/.pyenv/shims:/Users/oliver/.pyenv/bin:/opt/local/bin:/opt/local/sbin:/usr/local/bin:/usr/bin:/bin:/usr/sbin:/sbin:/Users/oliver/Library/Android/sdk/platform-tools:/Users/oliver/.nvm/versions/node/v17.1.0/bin:/opt/anaconda3/condabin:/Users/oliver/.pyenv/plugins/pyenv-virtualenv/shims:/Users/oliver/.pyenv/bin:/Users/oliver/.pyenv/shims:/opt/local/bin:/opt/local/sbin

Yarn version: 
  1.22.17

Node version: 
  17.1.0

Platform: 
  darwin x64

Trace: 
  Error: https://registry.yarnpkg.com/TransformControls: Not found
      at Request.params.callback [as _callback] (/Users/oliver/.nvm/versions/node/v17.1.0/lib/node_modules/yarn/lib/cli.js:67029:18)
      at Request.self.callback (/Users/oliver/.nvm/versions/node/v17.1.0/lib/node_modules/yarn/lib/cli.js:140883:22)
      at Request.emit (node:events:390:28)
      at Request.<anonymous> (/Users/oliver/.nvm/versions/node/v17.1.0/lib/node_modules/yarn/lib/cli.js:141855:10)
      at Request.emit (node:events:390:28)
      at IncomingMessage.<anonymous> (/Users/oliver/.nvm/versions/node/v17.1.0/lib/node_modules/yarn/lib/cli.js:141777:12)
      at Object.onceWrapper (node:events:509:28)
      at IncomingMessage.emit (node:events:402:35)
      at endReadableNT (node:internal/streams/readable:1340:12)
      at processTicksAndRejections (node:internal/process/task_queues:83:21)

npm manifest: 
  {
    "dependencies": {
      "three": "^0.135.0"
    }
  }

yarn manifest: 
  No manifest

Lockfile: 
  # THIS IS AN AUTOGENERATED FILE. DO NOT EDIT THIS FILE DIRECTLY.
  # yarn lockfile v1
  
  
  three@^0.135.0:
    version "0.135.0"
    resolved "https://registry.yarnpkg.com/three/-/three-0.135.0.tgz#cff4ec8edd3c51ce9bc7e88d13e8eafed4d0ddfc"
    integrity sha512-kuEpuuxRzLv0MDsXai9huCxOSQPZ4vje6y0gn80SRmQvgz6/+rI0NAvCRAw56zYaWKMGMfqKWsxF9Qa2Z9xymQ==
